<?xml version="1.0" encoding="UTF-8"?>
<!-- Generated by org.testng.reporters.JUnitReportReporter -->
<testsuite hostname="DESKTOP-2K6STJJ" failures="4" tests="54" name="com.project.rll.runners.TestNgRunner" time="2804.148" errors="1" timestamp="2024-02-28T19:08:01 IST" skipped="20">
  <testcase classname="com.project.rll.runners.TestNgRunner" name="runScenario" time="50.620"/>
  <system-out/>
  <testcase classname="com.project.rll.runners.TestNgRunner" name="runScenario" time="63.348">
    <skipped/>
  </testcase> <!-- runScenario -->
  <system-out/>
  <testcase classname="com.project.rll.runners.TestNgRunner" name="runScenario" time="66.838"/>
  <system-out/>
  <testcase classname="com.project.rll.runners.TestNgRunner" name="runScenario" time="23.060"/>
  <system-out/>
  <testcase classname="com.project.rll.runners.TestNgRunner" name="runScenario" time="113.140"/>
  <system-out/>
  <testcase classname="com.project.rll.runners.TestNgRunner" name="runScenario" time="24.859"/>
  <system-out/>
  <testcase classname="com.project.rll.runners.TestNgRunner" name="runScenario" time="42.704">
    <skipped/>
  </testcase> <!-- runScenario -->
  <system-out/>
  <testcase classname="com.project.rll.runners.TestNgRunner" name="runScenario" time="48.770"/>
  <system-out/>
  <testcase classname="com.project.rll.runners.TestNgRunner" name="runScenario" time="44.868">
    <skipped/>
  </testcase> <!-- runScenario -->
  <system-out/>
  <testcase classname="com.project.rll.runners.TestNgRunner" name="runScenario" time="42.143"/>
  <system-out/>
  <testcase classname="com.project.rll.runners.TestNgRunner" name="runScenario" time="31.428"/>
  <system-out/>
  <testcase classname="com.project.rll.runners.TestNgRunner" name="runScenario" time="41.201">
    <skipped/>
  </testcase> <!-- runScenario -->
  <system-out/>
  <testcase classname="com.project.rll.runners.TestNgRunner" name="runScenario" time="51.312"/>
  <system-out/>
  <testcase classname="com.project.rll.runners.TestNgRunner" name="runScenario" time="86.304"/>
  <system-out/>
  <testcase classname="com.project.rll.runners.TestNgRunner" name="runScenario" time="79.018">
    <skipped/>
  </testcase> <!-- runScenario -->
  <system-out/>
  <testcase classname="com.project.rll.runners.TestNgRunner" name="runScenario" time="45.982"/>
  <system-out/>
  <testcase classname="com.project.rll.runners.TestNgRunner" name="runScenario" time="30.730">
    <failure message="expected:&lt;...noakfurniture.co.uk/[challenge]&gt; but was:&lt;...noakfurniture.co.uk/[account/login?return_url=%2Faccount]&gt;" type="junit.framework.ComparisonFailure">
      <![CDATA[junit.framework.ComparisonFailure: expected:<...noakfurniture.co.uk/[challenge]> but was:<...noakfurniture.co.uk/[account/login?return_url=%2Faccount]>
at junit.framework.Assert.assertEquals(Assert.java:100)
at junit.framework.Assert.assertEquals(Assert.java:107)
at com.project.rll.steps.LoginStepDefs.verify_user_is_able_to_login_checking(LoginStepDefs.java:60)
at ✽.verify user is able to login checking "https://www.chilternoakfurniture.co.uk/account/login?return_url=%2Faccount"(file:///C:/Users/admin/Downloads/ChilternOak/src/test/resource/Features/Blogin.feature:8)
]]>
    </failure>
  </testcase> <!-- runScenario -->
  <system-out/>
  <testcase classname="com.project.rll.runners.TestNgRunner" name="runScenario" time="91.917">
    <skipped/>
  </testcase> <!-- runScenario -->
  <system-out/>
  <testcase classname="com.project.rll.runners.TestNgRunner" name="runScenario" time="92.169"/>
  <system-out/>
  <testcase classname="com.project.rll.runners.TestNgRunner" name="runScenario" time="109.018"/>
  <system-out/>
  <testcase classname="com.project.rll.runners.TestNgRunner" name="runScenario" time="33.209">
    <skipped/>
  </testcase> <!-- runScenario -->
  <system-out/>
  <testcase classname="com.project.rll.runners.TestNgRunner" name="runScenario" time="30.511"/>
  <system-out/>
  <testcase classname="com.project.rll.runners.TestNgRunner" name="runScenario" time="44.107">
    <skipped/>
  </testcase> <!-- runScenario -->
  <system-out/>
  <testcase classname="com.project.rll.runners.TestNgRunner" name="runScenario" time="50.012"/>
  <system-out/>
  <testcase classname="com.project.rll.runners.TestNgRunner" name="runScenario" time="32.837"/>
  <system-out/>
  <testcase classname="com.project.rll.runners.TestNgRunner" name="runScenario" time="40.382">
    <failure message="expected:&lt;...noakfurniture.co.uk/[challenge]&gt; but was:&lt;...noakfurniture.co.uk/[account]&gt;" type="junit.framework.ComparisonFailure">
      <![CDATA[junit.framework.ComparisonFailure: expected:<...noakfurniture.co.uk/[challenge]> but was:<...noakfurniture.co.uk/[account]>
at junit.framework.Assert.assertEquals(Assert.java:100)
at junit.framework.Assert.assertEquals(Assert.java:107)
at com.project.rll.steps.LoginStepDefs.verify_user_is_able_to_login_checking(LoginStepDefs.java:60)
at ✽.verify user is able to login checking "https://www.chilternoakfurniture.co.uk/account"(file:///C:/Users/admin/Downloads/ChilternOak/src/test/resource/Features/Blogin.feature:8)
]]>
    </failure>
  </testcase> <!-- runScenario -->
  <system-out/>
  <testcase classname="com.project.rll.runners.TestNgRunner" name="runScenario" time="31.260">
    <skipped/>
  </testcase> <!-- runScenario -->
  <system-out/>
  <testcase classname="com.project.rll.runners.TestNgRunner" name="runScenario" time="41.242">
    <failure message="expected [true] but found [false]" type="java.lang.AssertionError">
      <![CDATA[java.lang.AssertionError: expected [true] but found [false]
at org.testng.Assert.fail(Assert.java:110)
at org.testng.Assert.failNotEquals(Assert.java:1577)
at org.testng.Assert.assertTrue(Assert.java:56)
at org.testng.Assert.assertTrue(Assert.java:66)
at com.project.rll.steps.SignUpStepDefs.the_user_should_see_the_status_as(SignUpStepDefs.java:65)
at ✽.the user should see the status as "Email can't be blanK."(file:///C:/Users/admin/Downloads/ChilternOak/src/test/resource/Features/Asignup.feature:11)
]]>
    </failure>
  </testcase> <!-- runScenario -->
  <system-out/>
  <testcase classname="com.project.rll.runners.TestNgRunner" name="runScenario" time="60.286">
    <skipped/>
  </testcase> <!-- runScenario -->
  <system-out/>
  <testcase classname="com.project.rll.runners.TestNgRunner" name="runScenario" time="72.019"/>
  <system-out/>
  <testcase classname="com.project.rll.runners.TestNgRunner" name="runScenario" time="39.266">
    <skipped/>
  </testcase> <!-- runScenario -->
  <system-out/>
  <testcase classname="com.project.rll.runners.TestNgRunner" name="runScenario" time="37.454">
    <skipped/>
  </testcase> <!-- runScenario -->
  <system-out/>
  <testcase classname="com.project.rll.runners.TestNgRunner" name="runScenario" time="40.987">
    <error message="no such element: Unable to locate element: {&quot;method&quot;:&quot;xpath&quot;,&quot;selector&quot;:&quot;//div[@class=&#039;errors&#039;]/ul/li&quot;}
  (Session info: chrome=122.0.6261.70)
For documentation on this error, please visit: https://www.selenium.dev/documentation/webdriver/troubleshooting/errors#no-such-element-exception
Build info: version: &#039;4.11.0&#039;, revision: &#039;040bc5406b&#039;
System info: os.name: &#039;Windows 10&#039;, os.arch: &#039;amd64&#039;, os.version: &#039;10.0&#039;, java.version: &#039;17.0.9&#039;
Driver info: org.openqa.selenium.chrome.ChromeDriver
Command: [cd0e728eb4929e05c4d1b543e7200069, findElement {using=xpath, value=//div[@class=&#039;errors&#039;]/ul/li}]
Capabilities {acceptInsecureCerts: false, browserName: chrome, browserVersion: 122.0.6261.70, chrome: {chromedriverVersion: 122.0.6261.94 (880dbf29479c..., userDataDir: C:\WINDOWS\SystemTemp\scope...}, fedcm:accounts: true, goog:chromeOptions: {debuggerAddress: localhost:53811}, networkConnectionEnabled: false, pageLoadStrategy: normal, platformName: windows, proxy: Proxy(), se:cdp: ws://localhost:53811/devtoo..., se:cdpVersion: 122.0.6261.70, setWindowRect: true, strictFileInteractability: false, timeouts: {implicit: 0, pageLoad: 300000, script: 30000}, unhandledPromptBehavior: dismiss and notify, webauthn:extension:credBlob: true, webauthn:extension:largeBlob: true, webauthn:extension:minPinLength: true, webauthn:extension:prf: true, webauthn:virtualAuthenticators: true}
Session ID: cd0e728eb4929e05c4d1b543e7200069" type="org.openqa.selenium.NoSuchElementException">
      <![CDATA[org.openqa.selenium.NoSuchElementException: no such element: Unable to locate element: {"method":"xpath","selector":"//div[@class='errors']/ul/li"}
  (Session info: chrome=122.0.6261.70)
For documentation on this error, please visit: https://www.selenium.dev/documentation/webdriver/troubleshooting/errors#no-such-element-exception
Build info: version: '4.11.0', revision: '040bc5406b'
System info: os.name: 'Windows 10', os.arch: 'amd64', os.version: '10.0', java.version: '17.0.9'
Driver info: org.openqa.selenium.chrome.ChromeDriver
Command: [cd0e728eb4929e05c4d1b543e7200069, findElement {using=xpath, value=//div[@class='errors']/ul/li}]
Capabilities {acceptInsecureCerts: false, browserName: chrome, browserVersion: 122.0.6261.70, chrome: {chromedriverVersion: 122.0.6261.94 (880dbf29479c..., userDataDir: C:\WINDOWS\SystemTemp\scope...}, fedcm:accounts: true, goog:chromeOptions: {debuggerAddress: localhost:53811}, networkConnectionEnabled: false, pageLoadStrategy: normal, platformName: windows, proxy: Proxy(), se:cdp: ws://localhost:53811/devtoo..., se:cdpVersion: 122.0.6261.70, setWindowRect: true, strictFileInteractability: false, timeouts: {implicit: 0, pageLoad: 300000, script: 30000}, unhandledPromptBehavior: dismiss and notify, webauthn:extension:credBlob: true, webauthn:extension:largeBlob: true, webauthn:extension:minPinLength: true, webauthn:extension:prf: true, webauthn:virtualAuthenticators: true}
Session ID: cd0e728eb4929e05c4d1b543e7200069
at java.base/jdk.internal.reflect.NativeConstructorAccessorImpl.newInstance0(Native Method)
at java.base/jdk.internal.reflect.NativeConstructorAccessorImpl.newInstance(NativeConstructorAccessorImpl.java:77)
at java.base/jdk.internal.reflect.DelegatingConstructorAccessorImpl.newInstance(DelegatingConstructorAccessorImpl.java:45)
at java.base/java.lang.reflect.Constructor.newInstanceWithCaller(Constructor.java:499)
at java.base/java.lang.reflect.Constructor.newInstance(Constructor.java:480)
at org.openqa.selenium.remote.codec.w3c.W3CHttpResponseCodec.createException(W3CHttpResponseCodec.java:200)
at org.openqa.selenium.remote.codec.w3c.W3CHttpResponseCodec.decode(W3CHttpResponseCodec.java:133)
at org.openqa.selenium.remote.codec.w3c.W3CHttpResponseCodec.decode(W3CHttpResponseCodec.java:52)
at org.openqa.selenium.remote.HttpCommandExecutor.execute(HttpCommandExecutor.java:191)
at org.openqa.selenium.remote.service.DriverCommandExecutor.invokeExecute(DriverCommandExecutor.java:196)
at org.openqa.selenium.remote.service.DriverCommandExecutor.execute(DriverCommandExecutor.java:171)
at org.openqa.selenium.remote.RemoteWebDriver.execute(RemoteWebDriver.java:518)
at org.openqa.selenium.remote.ElementLocation$ElementFinder$2.findElement(ElementLocation.java:165)
at org.openqa.selenium.remote.ElementLocation.findElement(ElementLocation.java:59)
at org.openqa.selenium.remote.RemoteWebDriver.findElement(RemoteWebDriver.java:355)
at org.openqa.selenium.remote.RemoteWebDriver.findElement(RemoteWebDriver.java:349)
at org.openqa.selenium.support.pagefactory.DefaultElementLocator.findElement(DefaultElementLocator.java:68)
at org.openqa.selenium.support.pagefactory.internal.LocatingElementHandler.invoke(LocatingElementHandler.java:38)
at jdk.proxy2/jdk.proxy2.$Proxy44.getText(Unknown Source)
at com.project.rll.pages.SignUpPage.validate_confirm(SignUpPage.java:104)
at com.project.rll.steps.SignUpStepDefs.the_user_should_see_the_status_as(SignUpStepDefs.java:63)
at ✽.the user should see the status as "Password can't be blank."(file:///C:/Users/admin/Downloads/ChilternOak/src/test/resource/Features/Asignup.feature:11)
]]>
    </error>
  </testcase> <!-- runScenario -->
  <system-out/>
  <testcase classname="com.project.rll.runners.TestNgRunner" name="runScenario" time="37.670">
    <skipped/>
  </testcase> <!-- runScenario -->
  <system-out/>
  <testcase classname="com.project.rll.runners.TestNgRunner" name="runScenario" time="49.987"/>
  <system-out/>
  <testcase classname="com.project.rll.runners.TestNgRunner" name="runScenario" time="39.972"/>
  <system-out/>
  <testcase classname="com.project.rll.runners.TestNgRunner" name="runScenario" time="37.119"/>
  <system-out/>
  <testcase classname="com.project.rll.runners.TestNgRunner" name="runScenario" time="87.000"/>
  <system-out/>
  <testcase classname="com.project.rll.runners.TestNgRunner" name="runScenario" time="105.555"/>
  <system-out/>
  <testcase classname="com.project.rll.runners.TestNgRunner" name="runScenario" time="72.695">
    <skipped/>
  </testcase> <!-- runScenario -->
  <system-out/>
  <testcase classname="com.project.rll.runners.TestNgRunner" name="runScenario" time="60.167"/>
  <system-out/>
  <testcase classname="com.project.rll.runners.TestNgRunner" name="runScenario" time="41.910">
    <skipped/>
  </testcase> <!-- runScenario -->
  <system-out/>
  <testcase classname="com.project.rll.runners.TestNgRunner" name="runScenario" time="32.925"/>
  <system-out/>
  <testcase classname="com.project.rll.runners.TestNgRunner" name="runScenario" time="22.899">
    <failure type="java.lang.AssertionError">
      <![CDATA[java.lang.AssertionError
at org.junit.Assert.fail(Assert.java:87)
at org.junit.Assert.assertTrue(Assert.java:42)
at org.junit.Assert.assertTrue(Assert.java:53)
at com.project.rll.steps.Searchsteps.validateresults_are_found_or_not(Searchsteps.java:48)
at ✽.validate '84 results found' are found or not(file:///C:/Users/admin/Downloads/ChilternOak/src/test/resource/Features/CSearch.feature:8)
]]>
    </failure>
  </testcase> <!-- runScenario -->
  <system-out/>
  <testcase classname="com.project.rll.runners.TestNgRunner" name="runScenario" time="76.289"/>
  <system-out/>
  <testcase classname="com.project.rll.runners.TestNgRunner" name="runScenario" time="6.413">
    <skipped/>
  </testcase> <!-- runScenario -->
  <system-out/>
  <testcase classname="com.project.rll.runners.TestNgRunner" name="runScenario" time="25.704"/>
  <system-out/>
  <testcase classname="com.project.rll.runners.TestNgRunner" name="runScenario" time="52.597">
    <skipped/>
  </testcase> <!-- runScenario -->
  <system-out/>
  <testcase classname="com.project.rll.runners.TestNgRunner" name="runScenario" time="35.131"/>
  <system-out/>
  <testcase classname="com.project.rll.runners.TestNgRunner" name="runScenario" time="86.956"/>
  <system-out/>
  <testcase classname="com.project.rll.runners.TestNgRunner" name="runScenario" time="30.243">
    <skipped/>
  </testcase> <!-- runScenario -->
  <system-out/>
  <testcase classname="com.project.rll.runners.TestNgRunner" name="runScenario" time="56.301"/>
  <system-out/>
  <testcase classname="com.project.rll.runners.TestNgRunner" name="runScenario" time="67.897">
    <skipped/>
  </testcase> <!-- runScenario -->
  <system-out/>
  <testcase classname="com.project.rll.runners.TestNgRunner" name="runScenario" time="45.717">
    <skipped/>
  </testcase> <!-- runScenario -->
  <system-out/>
</testsuite> <!-- com.project.rll.runners.TestNgRunner -->
